[0m14:59:18.377760 [debug] [MainThread]: Sending event: {'category': 'dbt', 'action': 'invocation', 'label': 'start', 'context': [<snowplow_tracker.self_describing_json.SelfDescribingJson object at 0x000002A1F2E1D7C0>, <snowplow_tracker.self_describing_json.SelfDescribingJson object at 0x000002A1F2F43290>, <snowplow_tracker.self_describing_json.SelfDescribingJson object at 0x000002A1F2F413A0>]}


============================== 14:59:18.520638 | 211d330d-ded4-45f6-ae90-3e0821c1cbb8 ==============================
[0m14:59:18.520638 [info ] [MainThread]: Running with dbt=1.11.7
[0m14:59:18.524151 [debug] [MainThread]: running dbt with arguments {'static_parser': 'True', 'no_print': 'None', 'version_check': 'True', 'target_path': 'None', 'warn_error_options': 'WarnErrorOptionsV2(error=[], warn=[], silence=[])', 'printer_width': '80', 'write_json': 'True', 'empty': 'None', 'log_cache_events': 'False', 'introspect': 'True', 'cache_selected_only': 'False', 'fail_fast': 'False', 'debug': 'False', 'log_format': 'default', 'profiles_dir': 'C:\\Users\\dhava\\.dbt', 'send_anonymous_usage_stats': 'True', 'quiet': 'False', 'warn_error': 'None', 'partial_parse': 'True', 'use_colors': 'True', 'indirect_selection': 'eager', 'invocation_command': 'dbt init', 'use_experimental_parser': 'False', 'log_path': 'logs'}
[0m14:59:18.819769 [info ] [MainThread]: Creating dbt configuration folder at C:\Users\dhava\.dbt
[0m15:00:28.489670 [debug] [MainThread]: Starter project path: C:\Users\dhava\Desktop\DBT_Tutorial\.venv\Lib\site-packages\dbt\include\starter_project
[0m15:00:28.552345 [info ] [MainThread]: 
Your new dbt project "dbt_tutorial" was created!

For more information on how to configure the profiles.yml file,
please consult the dbt documentation here:

  https://docs.getdbt.com/docs/configure-your-profile

One more thing:

Need help? Don't hesitate to reach out to us via GitHub issues or on Slack:

  https://community.getdbt.com/

Happy modeling!

[0m15:00:28.553348 [info ] [MainThread]: Setting up your profile.
[0m15:01:21.028101 [debug] [MainThread]: Spark adapter: Setting pyhive.hive logging to ERROR
[0m15:01:21.028101 [debug] [MainThread]: Spark adapter: Setting thrift.transport logging to ERROR
[0m15:01:21.031470 [debug] [MainThread]: Spark adapter: Setting thrift.protocol logging to ERROR
[0m15:08:08.541587 [info ] [MainThread]: Profile dbt_tutorial written to C:\Users\dhava\.dbt\profiles.yml using target's profile_template.yml and your supplied values. Run 'dbt debug' to validate the connection.
[0m15:08:08.543944 [debug] [MainThread]: Command `dbt init` succeeded at 15:08:08.543944 after 530.42 seconds
[0m15:08:08.544946 [debug] [MainThread]: Sending event: {'category': 'dbt', 'action': 'invocation', 'label': 'end', 'context': [<snowplow_tracker.self_describing_json.SelfDescribingJson object at 0x000002A188C51D00>, <snowplow_tracker.self_describing_json.SelfDescribingJson object at 0x000002A188C61550>, <snowplow_tracker.self_describing_json.SelfDescribingJson object at 0x000002A188C92AB0>]}
[0m15:08:08.544946 [debug] [MainThread]: Flushing usage events
[0m15:08:09.052874 [debug] [MainThread]: An error was encountered while trying to flush usage events
[0m15:08:25.303719 [debug] [MainThread]: Sending event: {'category': 'dbt', 'action': 'invocation', 'label': 'start', 'context': [<snowplow_tracker.self_describing_json.SelfDescribingJson object at 0x000002519A1B7AA0>, <snowplow_tracker.self_describing_json.SelfDescribingJson object at 0x000002519AB9E1B0>, <snowplow_tracker.self_describing_json.SelfDescribingJson object at 0x000002519AB9FE30>]}


============================== 15:08:25.309936 | 34a53739-1904-4cfc-89cc-392171d010ba ==============================
[0m15:08:25.309936 [info ] [MainThread]: Running with dbt=1.11.7
[0m15:08:25.310352 [debug] [MainThread]: running dbt with arguments {'static_parser': 'True', 'no_print': 'None', 'version_check': 'True', 'target_path': 'None', 'warn_error_options': 'WarnErrorOptionsV2(error=[], warn=[], silence=[])', 'printer_width': '80', 'write_json': 'True', 'empty': 'None', 'log_cache_events': 'False', 'introspect': 'True', 'cache_selected_only': 'False', 'log_format': 'default', 'debug': 'False', 'fail_fast': 'False', 'profiles_dir': 'C:\\Users\\dhava\\.dbt', 'send_anonymous_usage_stats': 'True', 'quiet': 'False', 'warn_error': 'None', 'partial_parse': 'True', 'invocation_command': 'dbt debug', 'indirect_selection': 'eager', 'use_colors': 'True', 'use_experimental_parser': 'False', 'log_path': 'logs'}
[0m15:08:25.338410 [info ] [MainThread]: dbt version: 1.11.7
[0m15:08:25.339379 [info ] [MainThread]: python version: 3.12.9
[0m15:08:25.339379 [info ] [MainThread]: python path: C:\Users\dhava\Desktop\DBT_Tutorial\.venv\Scripts\python.exe
[0m15:08:25.340371 [info ] [MainThread]: os info: Windows-11-10.0.26200-SP0
[0m15:08:26.201685 [debug] [MainThread]: Spark adapter: Setting pyhive.hive logging to ERROR
[0m15:08:26.201685 [debug] [MainThread]: Spark adapter: Setting thrift.transport logging to ERROR
[0m15:08:26.203202 [debug] [MainThread]: Spark adapter: Setting thrift.protocol logging to ERROR
[0m15:08:27.009815 [info ] [MainThread]: Using profiles dir at C:\Users\dhava\.dbt
[0m15:08:27.009815 [info ] [MainThread]: Using profiles.yml file at C:\Users\dhava\.dbt\profiles.yml
[0m15:08:27.011197 [info ] [MainThread]: Using dbt_project.yml file at C:\Users\dhava\Desktop\DBT_Tutorial\dbt_project.yml
[0m15:08:27.011197 [info ] [MainThread]: adapter type: databricks
[0m15:08:27.012350 [info ] [MainThread]: adapter version: 1.10.9
[0m15:08:27.012875 [info ] [MainThread]: Configuration:
[0m15:08:27.012875 [info ] [MainThread]:   profiles.yml file [[32mOK found and valid[0m]
[0m15:08:27.013886 [info ] [MainThread]:   dbt_project.yml file [[31mERROR not found[0m]
[0m15:08:27.013886 [info ] [MainThread]: Required dependencies:
[0m15:08:27.014894 [debug] [MainThread]: Executing "git --help"
[0m15:08:27.063021 [debug] [MainThread]: STDOUT: "b"usage: git [-v | --version] [-h | --help] [-C <path>] [-c <name>=<value>]\n           [--exec-path[=<path>]] [--html-path] [--man-path] [--info-path]\n           [-p | --paginate | -P | --no-pager] [--no-replace-objects] [--bare]\n           [--git-dir=<path>] [--work-tree=<path>] [--namespace=<name>]\n           [--config-env=<name>=<envvar>] <command> [<args>]\n\nThese are common Git commands used in various situations:\n\nstart a working area (see also: git help tutorial)\n   clone     Clone a repository into a new directory\n   init      Create an empty Git repository or reinitialize an existing one\n\nwork on the current change (see also: git help everyday)\n   add       Add file contents to the index\n   mv        Move or rename a file, a directory, or a symlink\n   restore   Restore working tree files\n   rm        Remove files from the working tree and from the index\n\nexamine the history and state (see also: git help revisions)\n   bisect    Use binary search to find the commit that introduced a bug\n   diff      Show changes between commits, commit and working tree, etc\n   grep      Print lines matching a pattern\n   log       Show commit logs\n   show      Show various types of objects\n   status    Show the working tree status\n\ngrow, mark and tweak your common history\n   branch    List, create, or delete branches\n   commit    Record changes to the repository\n   merge     Join two or more development histories together\n   rebase    Reapply commits on top of another base tip\n   reset     Reset current HEAD to the specified state\n   switch    Switch branches\n   tag       Create, list, delete or verify a tag object signed with GPG\n\ncollaborate (see also: git help workflows)\n   fetch     Download objects and refs from another repository\n   pull      Fetch from and integrate with another repository or a local branch\n   push      Update remote refs along with associated objects\n\n'git help -a' and 'git help -g' list available subcommands and some\nconcept guides. See 'git help <command>' or 'git help <concept>'\nto read about a specific subcommand or concept.\nSee 'git help git' for an overview of the system.\n""
[0m15:08:27.063021 [debug] [MainThread]: STDERR: "b''"
[0m15:08:27.063021 [info ] [MainThread]:  - git [[32mOK found[0m]

[0m15:08:27.064466 [info ] [MainThread]: Connection:
[0m15:08:27.064466 [info ] [MainThread]:   host: dbc-956cde37-24b8.cloud.databricks.com
[0m15:08:27.065661 [info ] [MainThread]:   http_path: /sql/1.0/warehouses/5c5fe786ab551621
[0m15:08:27.065661 [info ] [MainThread]:   catalog: dbt_tutorial_dev
[0m15:08:27.066888 [info ] [MainThread]:   schema: default
[0m15:08:27.066888 [info ] [MainThread]: Registered adapter: databricks=1.10.9
[0m15:08:27.376413 [debug] [MainThread]: Databricks adapter: DatabricksDBTConnection(session-id=None, name=debug) - Creating connection
[0m15:08:27.378495 [debug] [MainThread]: Acquiring new databricks connection 'debug'
[0m15:08:27.378495 [debug] [MainThread]: Using databricks connection "debug"
[0m15:08:27.378495 [debug] [MainThread]: On debug: select 1 as id
[0m15:08:27.378495 [debug] [MainThread]: Opening a new connection, currently in state init
[0m15:08:27.871596 [debug] [MainThread]: Databricks adapter: Connection(session-id=01f11998-3cb9-14a8-912a-f4af400cdfc6) - Created
[0m15:08:29.284466 [debug] [MainThread]: SQL status: OK in 1.900 seconds
[0m15:08:29.285445 [debug] [MainThread]: Databricks adapter: Cursor(session-id=01f11998-3cb9-14a8-912a-f4af400cdfc6, command-id=01f11998-3cdb-1472-a5bb-bcf9e76e0414) - Closing
[0m15:08:29.285445 [debug] [MainThread]: On debug: Close
[0m15:08:29.285445 [debug] [MainThread]: Databricks adapter: Connection(session-id=01f11998-3cb9-14a8-912a-f4af400cdfc6) - Closing
[0m15:08:29.362775 [info ] [MainThread]:   Connection test: [[32mOK connection ok[0m]

[0m15:08:29.363873 [info ] [MainThread]: [31m1 check failed:[0m
[0m15:08:29.363873 [info ] [MainThread]: Project loading failed for the following reason:
 project path <C:\Users\dhava\Desktop\DBT_Tutorial\dbt_project.yml> not found

[0m15:08:29.364846 [debug] [MainThread]: Command `dbt debug` failed at 15:08:29.364846 after 4.24 seconds
[0m15:08:29.365854 [debug] [MainThread]: Sending event: {'category': 'dbt', 'action': 'invocation', 'label': 'end', 'context': [<snowplow_tracker.self_describing_json.SelfDescribingJson object at 0x000002519AE1EB40>, <snowplow_tracker.self_describing_json.SelfDescribingJson object at 0x00000251948A9CA0>, <snowplow_tracker.self_describing_json.SelfDescribingJson object at 0x000002519A2039B0>]}
[0m15:08:29.365854 [debug] [MainThread]: Flushing usage events
[0m15:08:29.854235 [debug] [MainThread]: An error was encountered while trying to flush usage events
